Copyright 1986-2022 Xilinx, Inc. All Rights Reserved. Copyright 2022-2025 Advanced Micro Devices, Inc. All Rights Reserved.
---------------------------------------------------------------------------------------------------------------------------------------------------------------------------------------------------------------------------------------------------------------
| Tool Version : Vivado v.2025.2 (win64) Build 6299465 Fri Nov 14 19:35:11 GMT 2025
| Date         : Tue Apr 21 18:08:30 2026
| Host         : LAPTOP-USFQI5UP running 64-bit major release  (build 9200)
| Command      : report_timing_summary -max_paths 10 -routable_nets -report_unconstrained -file rgb_mood_lamp_top_timing_summary_routed.rpt -pb rgb_mood_lamp_top_timing_summary_routed.pb -rpx rgb_mood_lamp_top_timing_summary_routed.rpx -warn_on_violation
| Design       : rgb_mood_lamp_top
| Device       : 7a50ti-csg324
| Speed File   : -1L  PRODUCTION 1.23 2018-06-13
| Design State : Routed
---------------------------------------------------------------------------------------------------------------------------------------------------------------------------------------------------------------------------------------------------------------

Timing Summary Report

------------------------------------------------------------------------------------------------
| Timer Settings
| --------------
------------------------------------------------------------------------------------------------

  Enable Multi Corner Analysis               :  Yes
  Enable Pessimism Removal                   :  Yes
  Pessimism Removal Resolution               :  Nearest Common Node
  Enable Input Delay Default Clock           :  No
  Enable Preset / Clear Arcs                 :  No
  Disable Flight Delays                      :  No
  Ignore I/O Paths                           :  No
  Timing Early Launch at Borrowing Latches   :  No
  Borrow Time for Max Delay Exceptions       :  Yes
  Merge Timing Exceptions                    :  Yes
  Inter-SLR Compensation                     :  Conservative

  Corner  Analyze    Analyze    
  Name    Max Paths  Min Paths  
  ------  ---------  ---------  
  Slow    Yes        Yes        
  Fast    Yes        Yes        


------------------------------------------------------------------------------------------------
| Report Methodology
| ------------------
------------------------------------------------------------------------------------------------

Rule       Severity          Description                  Violations  
---------  ----------------  ---------------------------  ----------  
TIMING-17  Critical Warning  Non-clocked sequential cell  65          

Note: This report is based on the most recent report_methodology run and may not be up-to-date. Run report_methodology on the current design for the latest report.



check_timing report

Table of Contents
-----------------
1. checking no_clock (65)
2. checking constant_clock (0)
3. checking pulse_width_clock (0)
4. checking unconstrained_internal_endpoints (177)
5. checking no_input_delay (1)
6. checking no_output_delay (3)
7. checking multiple_clock (0)
8. checking generated_clocks (0)
9. checking loops (0)
10. checking partial_input_delay (0)
11. checking partial_output_delay (0)
12. checking latch_loops (0)

1. checking no_clock (65)
-------------------------
 There are 65 register/latch pins with no clock driven by root clock pin: clk (HIGH)


2. checking constant_clock (0)
------------------------------
 There are 0 register/latch pins with constant_clock.


3. checking pulse_width_clock (0)
---------------------------------
 There are 0 register/latch pins which need pulse_width check


4. checking unconstrained_internal_endpoints (177)
--------------------------------------------------
 There are 177 pins that are not constrained for maximum delay. (HIGH)

 There are 0 pins that are not constrained for maximum delay due to constant clock.


5. checking no_input_delay (1)
------------------------------
 There is 1 input port with no input delay specified. (HIGH)

 There are 0 input ports with no input delay but user has a false path constraint.


6. checking no_output_delay (3)
-------------------------------
 There are 3 ports with no output delay specified. (HIGH)

 There are 0 ports with no output delay but user has a false path constraint

 There are 0 ports with no output delay but with a timing clock defined on it or propagating through it


7. checking multiple_clock (0)
------------------------------
 There are 0 register/latch pins with multiple clocks.


8. checking generated_clocks (0)
--------------------------------
 There are 0 generated clocks that are not connected to a clock source.


9. checking loops (0)
---------------------
 There are 0 combinational loops in the design.


10. checking partial_input_delay (0)
------------------------------------
 There are 0 input ports with partial input delay specified.


11. checking partial_output_delay (0)
-------------------------------------
 There are 0 ports with partial output delay specified.


12. checking latch_loops (0)
----------------------------
 There are 0 combinational latch loops in the design through latch input



------------------------------------------------------------------------------------------------
| Design Timing Summary
| ---------------------
------------------------------------------------------------------------------------------------

    WNS(ns)      TNS(ns)  TNS Failing Endpoints  TNS Total Endpoints      WHS(ns)      THS(ns)  THS Failing Endpoints  THS Total Endpoints     WPWS(ns)     TPWS(ns)  TPWS Failing Endpoints  TPWS Total Endpoints  
    -------      -------  ---------------------  -------------------      -------      -------  ---------------------  -------------------     --------     --------  ----------------------  --------------------  
        inf        0.000                      0                  180          inf        0.000                      0                  180           NA           NA                      NA                    NA  


There are no user specified timing constraints.


------------------------------------------------------------------------------------------------
| Clock Summary
| -------------
------------------------------------------------------------------------------------------------


------------------------------------------------------------------------------------------------
| Intra Clock Table
| -----------------
------------------------------------------------------------------------------------------------

Clock             WNS(ns)      TNS(ns)  TNS Failing Endpoints  TNS Total Endpoints      WHS(ns)      THS(ns)  THS Failing Endpoints  THS Total Endpoints     WPWS(ns)     TPWS(ns)  TPWS Failing Endpoints  TPWS Total Endpoints  
-----             -------      -------  ---------------------  -------------------      -------      -------  ---------------------  -------------------     --------     --------  ----------------------  --------------------  


------------------------------------------------------------------------------------------------
| Inter Clock Table
| -----------------
------------------------------------------------------------------------------------------------

From Clock    To Clock          WNS(ns)      TNS(ns)  TNS Failing Endpoints  TNS Total Endpoints      WHS(ns)      THS(ns)  THS Failing Endpoints  THS Total Endpoints  
----------    --------          -------      -------  ---------------------  -------------------      -------      -------  ---------------------  -------------------  


------------------------------------------------------------------------------------------------
| Other Path Groups Table
| -----------------------
------------------------------------------------------------------------------------------------

Path Group    From Clock    To Clock          WNS(ns)      TNS(ns)  TNS Failing Endpoints  TNS Total Endpoints      WHS(ns)      THS(ns)  THS Failing Endpoints  THS Total Endpoints  
----------    ----------    --------          -------      -------  ---------------------  -------------------      -------      -------  ---------------------  -------------------  


------------------------------------------------------------------------------------------------
| User Ignored Path Table
| -----------------------
------------------------------------------------------------------------------------------------

Path Group    From Clock    To Clock    
----------    ----------    --------    


------------------------------------------------------------------------------------------------
| Unconstrained Path Table
| ------------------------
------------------------------------------------------------------------------------------------

Path Group    From Clock    To Clock    
----------    ----------    --------    
(none)                                    


------------------------------------------------------------------------------------------------
| Timing Details
| --------------
------------------------------------------------------------------------------------------------


--------------------------------------------------------------------------------------
Path Group:  (none)
From Clock:  
  To Clock:  

Max Delay           180 Endpoints
Min Delay           180 Endpoints
--------------------------------------------------------------------------------------


Max Delay Paths
--------------------------------------------------------------------------------------
Slack:                    inf
  Source:                 pwm_red/pwm_out_reg/C
                            (rising edge-triggered cell FDRE)
  Destination:            LED16_r
                            (output port)
  Path Group:             (none)
  Path Type:              Max at Slow Process Corner
  Data Path Delay:        4.958ns  (logic 3.157ns (63.673%)  route 1.801ns (36.327%))
  Logic Levels:           2  (FDRE=1 OBUF=1)

    Location             Delay type                Incr(ns)  Path(ns)    Netlist Resource(s)
  -------------------------------------------------------------------    -------------------
    SLICE_X2Y2           FDRE                         0.000     0.000 r  pwm_red/pwm_out_reg/C
    SLICE_X2Y2           FDRE (Prop_fdre_C_Q)         0.518     0.518 r  pwm_red/pwm_out_reg/Q
                         net (fo=1, routed)           1.801     2.319    LED16_r_OBUF
    T9                   OBUF (Prop_obuf_I_O)         2.639     4.958 r  LED16_r_OBUF_inst/O
                         net (fo=0)                   0.000     4.958    LED16_r
    T9                                                                r  LED16_r (OUT)
  -------------------------------------------------------------------    -------------------

Slack:                    inf
  Source:                 pwm_blue/pwm_out_reg/C
                            (rising edge-triggered cell FDRE)
  Destination:            LED16_b
                            (output port)
  Path Group:             (none)
  Path Type:              Max at Slow Process Corner
  Data Path Delay:        4.913ns  (logic 3.085ns (62.787%)  route 1.828ns (37.213%))
  Logic Levels:           2  (FDRE=1 OBUF=1)

    Location             Delay type                Incr(ns)  Path(ns)    Netlist Resource(s)
  -------------------------------------------------------------------    -------------------
    SLICE_X4Y2           FDRE                         0.000     0.000 r  pwm_blue/pwm_out_reg/C
    SLICE_X4Y2           FDRE (Prop_fdre_C_Q)         0.456     0.456 r  pwm_blue/pwm_out_reg/Q
                         net (fo=1, routed)           1.828     2.284    LED16_b_OBUF
    R10                  OBUF (Prop_obuf_I_O)         2.629     4.913 r  LED16_b_OBUF_inst/O
                         net (fo=0)                   0.000     4.913    LED16_b
    R10                                                               r  LED16_b (OUT)
  -------------------------------------------------------------------    -------------------

Slack:                    inf
  Source:                 clk_en_ins/sig_count_reg[0]/C
                            (rising edge-triggered cell FDRE)
  Destination:            smoothing_inst/r_reg_reg[1]/CE
  Path Group:             (none)
  Path Type:              Max at Slow Process Corner
  Data Path Delay:        4.801ns  (logic 1.086ns (22.620%)  route 3.715ns (77.380%))
  Logic Levels:           4  (FDRE=1 LUT2=1 LUT3=1 LUT6=1)

    Location             Delay type                Incr(ns)  Path(ns)    Netlist Resource(s)
  -------------------------------------------------------------------    -------------------
    SLICE_X7Y6           FDRE                         0.000     0.000 r  clk_en_ins/sig_count_reg[0]/C
    SLICE_X7Y6           FDRE (Prop_fdre_C_Q)         0.456     0.456 r  clk_en_ins/sig_count_reg[0]/Q
                         net (fo=8, routed)           0.899     1.355    clk_en_ins/sig_count_reg[0]
    SLICE_X7Y6           LUT2 (Prop_lut2_I1_O)        0.152     1.507 f  clk_en_ins/r_reg[7]_i_2/O
                         net (fo=2, routed)           0.451     1.958    clk_en_ins/r_reg[7]_i_2_n_0
    SLICE_X7Y6           LUT6 (Prop_lut6_I0_O)        0.326     2.284 r  clk_en_ins/r_reg[7]_i_1__0/O
                         net (fo=26, routed)          1.659     3.943    controller_inst/sig_en
    SLICE_X0Y3           LUT3 (Prop_lut3_I2_O)        0.152     4.095 r  controller_inst/r_reg[7]_i_1/O
                         net (fo=8, routed)           0.706     4.801    smoothing_inst/E[0]
    SLICE_X1Y3           FDRE                                         r  smoothing_inst/r_reg_reg[1]/CE
  -------------------------------------------------------------------    -------------------

Slack:                    inf
  Source:                 clk_en_ins/sig_count_reg[0]/C
                            (rising edge-triggered cell FDRE)
  Destination:            smoothing_inst/r_reg_reg[2]/CE
  Path Group:             (none)
  Path Type:              Max at Slow Process Corner
  Data Path Delay:        4.801ns  (logic 1.086ns (22.620%)  route 3.715ns (77.380%))
  Logic Levels:           4  (FDRE=1 LUT2=1 LUT3=1 LUT6=1)

    Location             Delay type                Incr(ns)  Path(ns)    Netlist Resource(s)
  -------------------------------------------------------------------    -------------------
    SLICE_X7Y6           FDRE                         0.000     0.000 r  clk_en_ins/sig_count_reg[0]/C
    SLICE_X7Y6           FDRE (Prop_fdre_C_Q)         0.456     0.456 r  clk_en_ins/sig_count_reg[0]/Q
                         net (fo=8, routed)           0.899     1.355    clk_en_ins/sig_count_reg[0]
    SLICE_X7Y6           LUT2 (Prop_lut2_I1_O)        0.152     1.507 f  clk_en_ins/r_reg[7]_i_2/O
                         net (fo=2, routed)           0.451     1.958    clk_en_ins/r_reg[7]_i_2_n_0
    SLICE_X7Y6           LUT6 (Prop_lut6_I0_O)        0.326     2.284 r  clk_en_ins/r_reg[7]_i_1__0/O
                         net (fo=26, routed)          1.659     3.943    controller_inst/sig_en
    SLICE_X0Y3           LUT3 (Prop_lut3_I2_O)        0.152     4.095 r  controller_inst/r_reg[7]_i_1/O
                         net (fo=8, routed)           0.706     4.801    smoothing_inst/E[0]
    SLICE_X1Y3           FDRE                                         r  smoothing_inst/r_reg_reg[2]/CE
  -------------------------------------------------------------------    -------------------

Slack:                    inf
  Source:                 clk_en_ins/sig_count_reg[0]/C
                            (rising edge-triggered cell FDRE)
  Destination:            smoothing_inst/r_reg_reg[3]/CE
  Path Group:             (none)
  Path Type:              Max at Slow Process Corner
  Data Path Delay:        4.801ns  (logic 1.086ns (22.620%)  route 3.715ns (77.380%))
  Logic Levels:           4  (FDRE=1 LUT2=1 LUT3=1 LUT6=1)

    Location             Delay type                Incr(ns)  Path(ns)    Netlist Resource(s)
  -------------------------------------------------------------------    -------------------
    SLICE_X7Y6           FDRE                         0.000     0.000 r  clk_en_ins/sig_count_reg[0]/C
    SLICE_X7Y6           FDRE (Prop_fdre_C_Q)         0.456     0.456 r  clk_en_ins/sig_count_reg[0]/Q
                         net (fo=8, routed)           0.899     1.355    clk_en_ins/sig_count_reg[0]
    SLICE_X7Y6           LUT2 (Prop_lut2_I1_O)        0.152     1.507 f  clk_en_ins/r_reg[7]_i_2/O
                         net (fo=2, routed)           0.451     1.958    clk_en_ins/r_reg[7]_i_2_n_0
    SLICE_X7Y6           LUT6 (Prop_lut6_I0_O)        0.326     2.284 r  clk_en_ins/r_reg[7]_i_1__0/O
                         net (fo=26, routed)          1.659     3.943    controller_inst/sig_en
    SLICE_X0Y3           LUT3 (Prop_lut3_I2_O)        0.152     4.095 r  controller_inst/r_reg[7]_i_1/O
                         net (fo=8, routed)           0.706     4.801    smoothing_inst/E[0]
    SLICE_X1Y3           FDRE                                         r  smoothing_inst/r_reg_reg[3]/CE
  -------------------------------------------------------------------    -------------------

Slack:                    inf
  Source:                 clk_en_ins/sig_count_reg[0]/C
                            (rising edge-triggered cell FDRE)
  Destination:            smoothing_inst/r_reg_reg[4]/CE
  Path Group:             (none)
  Path Type:              Max at Slow Process Corner
  Data Path Delay:        4.801ns  (logic 1.086ns (22.620%)  route 3.715ns (77.380%))
  Logic Levels:           4  (FDRE=1 LUT2=1 LUT3=1 LUT6=1)

    Location             Delay type                Incr(ns)  Path(ns)    Netlist Resource(s)
  -------------------------------------------------------------------    -------------------
    SLICE_X7Y6           FDRE                         0.000     0.000 r  clk_en_ins/sig_count_reg[0]/C
    SLICE_X7Y6           FDRE (Prop_fdre_C_Q)         0.456     0.456 r  clk_en_ins/sig_count_reg[0]/Q
                         net (fo=8, routed)           0.899     1.355    clk_en_ins/sig_count_reg[0]
    SLICE_X7Y6           LUT2 (Prop_lut2_I1_O)        0.152     1.507 f  clk_en_ins/r_reg[7]_i_2/O
                         net (fo=2, routed)           0.451     1.958    clk_en_ins/r_reg[7]_i_2_n_0
    SLICE_X7Y6           LUT6 (Prop_lut6_I0_O)        0.326     2.284 r  clk_en_ins/r_reg[7]_i_1__0/O
                         net (fo=26, routed)          1.659     3.943    controller_inst/sig_en
    SLICE_X0Y3           LUT3 (Prop_lut3_I2_O)        0.152     4.095 r  controller_inst/r_reg[7]_i_1/O
                         net (fo=8, routed)           0.706     4.801    smoothing_inst/E[0]
    SLICE_X1Y3           FDRE                                         r  smoothing_inst/r_reg_reg[4]/CE
  -------------------------------------------------------------------    -------------------

Slack:                    inf
  Source:                 pwm_green/pwm_out_reg/C
                            (rising edge-triggered cell FDRE)
  Destination:            LED16_g
                            (output port)
  Path Group:             (none)
  Path Type:              Max at Slow Process Corner
  Data Path Delay:        4.798ns  (logic 3.088ns (64.368%)  route 1.710ns (35.632%))
  Logic Levels:           2  (FDRE=1 OBUF=1)

    Location             Delay type                Incr(ns)  Path(ns)    Netlist Resource(s)
  -------------------------------------------------------------------    -------------------
    SLICE_X3Y2           FDRE                         0.000     0.000 r  pwm_green/pwm_out_reg/C
    SLICE_X3Y2           FDRE (Prop_fdre_C_Q)         0.456     0.456 r  pwm_green/pwm_out_reg/Q
                         net (fo=1, routed)           1.710     2.166    LED16_g_OBUF
    T10                  OBUF (Prop_obuf_I_O)         2.632     4.798 r  LED16_g_OBUF_inst/O
                         net (fo=0)                   0.000     4.798    LED16_g
    T10                                                               r  LED16_g (OUT)
  -------------------------------------------------------------------    -------------------

Slack:                    inf
  Source:                 clk_en_ins/sig_count_reg[0]/C
                            (rising edge-triggered cell FDRE)
  Destination:            smoothing_inst/g_reg_reg[5]/CE
  Path Group:             (none)
  Path Type:              Max at Slow Process Corner
  Data Path Delay:        4.771ns  (logic 1.058ns (22.174%)  route 3.713ns (77.826%))
  Logic Levels:           4  (FDRE=1 LUT2=1 LUT3=1 LUT6=1)

    Location             Delay type                Incr(ns)  Path(ns)    Netlist Resource(s)
  -------------------------------------------------------------------    -------------------
    SLICE_X7Y6           FDRE                         0.000     0.000 r  clk_en_ins/sig_count_reg[0]/C
    SLICE_X7Y6           FDRE (Prop_fdre_C_Q)         0.456     0.456 r  clk_en_ins/sig_count_reg[0]/Q
                         net (fo=8, routed)           0.899     1.355    clk_en_ins/sig_count_reg[0]
    SLICE_X7Y6           LUT2 (Prop_lut2_I1_O)        0.152     1.507 f  clk_en_ins/r_reg[7]_i_2/O
                         net (fo=2, routed)           0.451     1.958    clk_en_ins/r_reg[7]_i_2_n_0
    SLICE_X7Y6           LUT6 (Prop_lut6_I0_O)        0.326     2.284 r  clk_en_ins/r_reg[7]_i_1__0/O
                         net (fo=26, routed)          1.659     3.943    controller_inst/sig_en
    SLICE_X0Y3           LUT3 (Prop_lut3_I2_O)        0.124     4.067 r  controller_inst/g_reg[7]_i_1/O
                         net (fo=8, routed)           0.704     4.771    smoothing_inst/g_reg_reg[7]_1[0]
    SLICE_X2Y4           FDRE                                         r  smoothing_inst/g_reg_reg[5]/CE
  -------------------------------------------------------------------    -------------------

Slack:                    inf
  Source:                 clk_en_ins/sig_count_reg[0]/C
                            (rising edge-triggered cell FDRE)
  Destination:            smoothing_inst/g_reg_reg[6]/CE
  Path Group:             (none)
  Path Type:              Max at Slow Process Corner
  Data Path Delay:        4.771ns  (logic 1.058ns (22.174%)  route 3.713ns (77.826%))
  Logic Levels:           4  (FDRE=1 LUT2=1 LUT3=1 LUT6=1)

    Location             Delay type                Incr(ns)  Path(ns)    Netlist Resource(s)
  -------------------------------------------------------------------    -------------------
    SLICE_X7Y6           FDRE                         0.000     0.000 r  clk_en_ins/sig_count_reg[0]/C
    SLICE_X7Y6           FDRE (Prop_fdre_C_Q)         0.456     0.456 r  clk_en_ins/sig_count_reg[0]/Q
                         net (fo=8, routed)           0.899     1.355    clk_en_ins/sig_count_reg[0]
    SLICE_X7Y6           LUT2 (Prop_lut2_I1_O)        0.152     1.507 f  clk_en_ins/r_reg[7]_i_2/O
                         net (fo=2, routed)           0.451     1.958    clk_en_ins/r_reg[7]_i_2_n_0
    SLICE_X7Y6           LUT6 (Prop_lut6_I0_O)        0.326     2.284 r  clk_en_ins/r_reg[7]_i_1__0/O
                         net (fo=26, routed)          1.659     3.943    controller_inst/sig_en
    SLICE_X0Y3           LUT3 (Prop_lut3_I2_O)        0.124     4.067 r  controller_inst/g_reg[7]_i_1/O
                         net (fo=8, routed)           0.704     4.771    smoothing_inst/g_reg_reg[7]_1[0]
    SLICE_X2Y4           FDRE                                         r  smoothing_inst/g_reg_reg[6]/CE
  -------------------------------------------------------------------    -------------------

Slack:                    inf
  Source:                 clk_en_ins/sig_count_reg[0]/C
                            (rising edge-triggered cell FDRE)
  Destination:            smoothing_inst/g_reg_reg[7]/CE
  Path Group:             (none)
  Path Type:              Max at Slow Process Corner
  Data Path Delay:        4.771ns  (logic 1.058ns (22.174%)  route 3.713ns (77.826%))
  Logic Levels:           4  (FDRE=1 LUT2=1 LUT3=1 LUT6=1)

    Location             Delay type                Incr(ns)  Path(ns)    Netlist Resource(s)
  -------------------------------------------------------------------    -------------------
    SLICE_X7Y6           FDRE                         0.000     0.000 r  clk_en_ins/sig_count_reg[0]/C
    SLICE_X7Y6           FDRE (Prop_fdre_C_Q)         0.456     0.456 r  clk_en_ins/sig_count_reg[0]/Q
                         net (fo=8, routed)           0.899     1.355    clk_en_ins/sig_count_reg[0]
    SLICE_X7Y6           LUT2 (Prop_lut2_I1_O)        0.152     1.507 f  clk_en_ins/r_reg[7]_i_2/O
                         net (fo=2, routed)           0.451     1.958    clk_en_ins/r_reg[7]_i_2_n_0
    SLICE_X7Y6           LUT6 (Prop_lut6_I0_O)        0.326     2.284 r  clk_en_ins/r_reg[7]_i_1__0/O
                         net (fo=26, routed)          1.659     3.943    controller_inst/sig_en
    SLICE_X0Y3           LUT3 (Prop_lut3_I2_O)        0.124     4.067 r  controller_inst/g_reg[7]_i_1/O
                         net (fo=8, routed)           0.704     4.771    smoothing_inst/g_reg_reg[7]_1[0]
    SLICE_X2Y4           FDRE                                         r  smoothing_inst/g_reg_reg[7]/CE
  -------------------------------------------------------------------    -------------------





Min Delay Paths
--------------------------------------------------------------------------------------
Slack:                    inf
  Source:                 controller_inst/cnt_reg[5]/C
                            (rising edge-triggered cell FDRE)
  Destination:            controller_inst/r_reg_reg[5]/D
  Path Group:             (none)
  Path Type:              Min at Fast Process Corner
  Data Path Delay:        0.208ns  (logic 0.141ns (67.788%)  route 0.067ns (32.212%))
  Logic Levels:           1  (FDRE=1)

    Location             Delay type                Incr(ns)  Path(ns)    Netlist Resource(s)
  -------------------------------------------------------------------    -------------------
    SLICE_X3Y3           FDRE                         0.000     0.000 r  controller_inst/cnt_reg[5]/C
    SLICE_X3Y3           FDRE (Prop_fdre_C_Q)         0.141     0.141 r  controller_inst/cnt_reg[5]/Q
                         net (fo=4, routed)           0.067     0.208    controller_inst/cnt_reg[5]
    SLICE_X3Y3           FDRE                                         r  controller_inst/r_reg_reg[5]/D
  -------------------------------------------------------------------    -------------------

Slack:                    inf
  Source:                 clk_en_ins/sig_count_reg[1]/C
                            (rising edge-triggered cell FDRE)
  Destination:            clk_en_ins/sig_count_reg[3]/D
  Path Group:             (none)
  Path Type:              Min at Fast Process Corner
  Data Path Delay:        0.318ns  (logic 0.186ns (58.579%)  route 0.132ns (41.421%))
  Logic Levels:           2  (FDRE=1 LUT4=1)

    Location             Delay type                Incr(ns)  Path(ns)    Netlist Resource(s)
  -------------------------------------------------------------------    -------------------
    SLICE_X7Y6           FDRE                         0.000     0.000 r  clk_en_ins/sig_count_reg[1]/C
    SLICE_X7Y6           FDRE (Prop_fdre_C_Q)         0.141     0.141 r  clk_en_ins/sig_count_reg[1]/Q
                         net (fo=7, routed)           0.132     0.273    clk_en_ins/sig_count_reg[1]
    SLICE_X6Y6           LUT4 (Prop_lut4_I1_O)        0.045     0.318 r  clk_en_ins/sig_count[3]_i_1/O
                         net (fo=1, routed)           0.000     0.318    clk_en_ins/p_0_in[3]
    SLICE_X6Y6           FDRE                                         r  clk_en_ins/sig_count_reg[3]/D
  -------------------------------------------------------------------    -------------------

Slack:                    inf
  Source:                 controller_inst/cnt_reg[4]/C
                            (rising edge-triggered cell FDRE)
  Destination:            controller_inst/g_reg_reg[4]/D
  Path Group:             (none)
  Path Type:              Min at Fast Process Corner
  Data Path Delay:        0.319ns  (logic 0.227ns (71.078%)  route 0.092ns (28.922%))
  Logic Levels:           2  (FDRE=1 LUT1=1)

    Location             Delay type                Incr(ns)  Path(ns)    Netlist Resource(s)
  -------------------------------------------------------------------    -------------------
    SLICE_X4Y5           FDRE                         0.000     0.000 r  controller_inst/cnt_reg[4]/C
    SLICE_X4Y5           FDRE (Prop_fdre_C_Q)         0.128     0.128 f  controller_inst/cnt_reg[4]/Q
                         net (fo=5, routed)           0.092     0.220    controller_inst/cnt_reg[4]
    SLICE_X4Y5           LUT1 (Prop_lut1_I0_O)        0.099     0.319 r  controller_inst/g_reg[4]_i_1/O
                         net (fo=1, routed)           0.000     0.319    controller_inst/minusOp[4]
    SLICE_X4Y5           FDRE                                         r  controller_inst/g_reg_reg[4]/D
  -------------------------------------------------------------------    -------------------

Slack:                    inf
  Source:                 clk_en_ins/sig_count_reg[1]/C
                            (rising edge-triggered cell FDRE)
  Destination:            clk_en_ins/sig_count_reg[4]/D
  Path Group:             (none)
  Path Type:              Min at Fast Process Corner
  Data Path Delay:        0.321ns  (logic 0.189ns (58.967%)  route 0.132ns (41.033%))
  Logic Levels:           2  (FDRE=1 LUT5=1)

    Location             Delay type                Incr(ns)  Path(ns)    Netlist Resource(s)
  -------------------------------------------------------------------    -------------------
    SLICE_X7Y6           FDRE                         0.000     0.000 r  clk_en_ins/sig_count_reg[1]/C
    SLICE_X7Y6           FDRE (Prop_fdre_C_Q)         0.141     0.141 r  clk_en_ins/sig_count_reg[1]/Q
                         net (fo=7, routed)           0.132     0.273    clk_en_ins/sig_count_reg[1]
    SLICE_X6Y6           LUT5 (Prop_lut5_I1_O)        0.048     0.321 r  clk_en_ins/sig_count[4]_i_1/O
                         net (fo=1, routed)           0.000     0.321    clk_en_ins/p_0_in[4]
    SLICE_X6Y6           FDRE                                         r  clk_en_ins/sig_count_reg[4]/D
  -------------------------------------------------------------------    -------------------

Slack:                    inf
  Source:                 clk_en_ins/sig_count_reg[1]/C
                            (rising edge-triggered cell FDRE)
  Destination:            clk_en_ins/sig_count_reg[2]/D
  Path Group:             (none)
  Path Type:              Min at Fast Process Corner
  Data Path Delay:        0.325ns  (logic 0.189ns (58.240%)  route 0.136ns (41.760%))
  Logic Levels:           2  (FDRE=1 LUT3=1)

    Location             Delay type                Incr(ns)  Path(ns)    Netlist Resource(s)
  -------------------------------------------------------------------    -------------------
    SLICE_X7Y6           FDRE                         0.000     0.000 r  clk_en_ins/sig_count_reg[1]/C
    SLICE_X7Y6           FDRE (Prop_fdre_C_Q)         0.141     0.141 r  clk_en_ins/sig_count_reg[1]/Q
                         net (fo=7, routed)           0.136     0.277    clk_en_ins/sig_count_reg[1]
    SLICE_X6Y6           LUT3 (Prop_lut3_I1_O)        0.048     0.325 r  clk_en_ins/sig_count[2]_i_1/O
                         net (fo=1, routed)           0.000     0.325    clk_en_ins/p_0_in[2]
    SLICE_X6Y6           FDRE                                         r  clk_en_ins/sig_count_reg[2]/D
  -------------------------------------------------------------------    -------------------

Slack:                    inf
  Source:                 pwm_red/counter_reg[1]/C
                            (rising edge-triggered cell FDRE)
  Destination:            pwm_red/counter_reg[5]/D
  Path Group:             (none)
  Path Type:              Min at Fast Process Corner
  Data Path Delay:        0.353ns  (logic 0.186ns (52.738%)  route 0.167ns (47.262%))
  Logic Levels:           2  (FDRE=1 LUT6=1)

    Location             Delay type                Incr(ns)  Path(ns)    Netlist Resource(s)
  -------------------------------------------------------------------    -------------------
    SLICE_X5Y2           FDRE                         0.000     0.000 r  pwm_red/counter_reg[1]/C
    SLICE_X5Y2           FDRE (Prop_fdre_C_Q)         0.141     0.141 r  pwm_red/counter_reg[1]/Q
                         net (fo=12, routed)          0.167     0.308    pwm_red/Q[1]
    SLICE_X5Y2           LUT6 (Prop_lut6_I1_O)        0.045     0.353 r  pwm_red/counter[5]_i_1/O
                         net (fo=1, routed)           0.000     0.353    pwm_red/plusOp[5]
    SLICE_X5Y2           FDRE                                         r  pwm_red/counter_reg[5]/D
  -------------------------------------------------------------------    -------------------

Slack:                    inf
  Source:                 smoothing_inst/r_reg_reg[0]/C
                            (rising edge-triggered cell FDRE)
  Destination:            smoothing_inst/r_reg_reg[0]/D
  Path Group:             (none)
  Path Type:              Min at Fast Process Corner
  Data Path Delay:        0.354ns  (logic 0.186ns (52.507%)  route 0.168ns (47.493%))
  Logic Levels:           2  (FDRE=1 LUT1=1)

    Location             Delay type                Incr(ns)  Path(ns)    Netlist Resource(s)
  -------------------------------------------------------------------    -------------------
    SLICE_X1Y1           FDRE                         0.000     0.000 r  smoothing_inst/r_reg_reg[0]/C
    SLICE_X1Y1           FDRE (Prop_fdre_C_Q)         0.141     0.141 f  smoothing_inst/r_reg_reg[0]/Q
                         net (fo=8, routed)           0.168     0.309    smoothing_inst/Q[0]
    SLICE_X1Y1           LUT1 (Prop_lut1_I0_O)        0.045     0.354 r  smoothing_inst/r_reg[0]_i_1/O
                         net (fo=1, routed)           0.000     0.354    smoothing_inst/r_reg[0]_i_1_n_0
    SLICE_X1Y1           FDRE                                         r  smoothing_inst/r_reg_reg[0]/D
  -------------------------------------------------------------------    -------------------

Slack:                    inf
  Source:                 clk_en_ins/sig_count_reg[5]/C
                            (rising edge-triggered cell FDRE)
  Destination:            clk_en_ins/sig_count_reg[5]/D
  Path Group:             (none)
  Path Type:              Min at Fast Process Corner
  Data Path Delay:        0.357ns  (logic 0.209ns (58.470%)  route 0.148ns (41.530%))
  Logic Levels:           2  (FDRE=1 LUT6=1)

    Location             Delay type                Incr(ns)  Path(ns)    Netlist Resource(s)
  -------------------------------------------------------------------    -------------------
    SLICE_X6Y6           FDRE                         0.000     0.000 r  clk_en_ins/sig_count_reg[5]/C
    SLICE_X6Y6           FDRE (Prop_fdre_C_Q)         0.164     0.164 r  clk_en_ins/sig_count_reg[5]/Q
                         net (fo=4, routed)           0.148     0.312    clk_en_ins/sig_count_reg[5]
    SLICE_X6Y6           LUT6 (Prop_lut6_I5_O)        0.045     0.357 r  clk_en_ins/sig_count[5]_i_1/O
                         net (fo=1, routed)           0.000     0.357    clk_en_ins/p_0_in[5]
    SLICE_X6Y6           FDRE                                         r  clk_en_ins/sig_count_reg[5]/D
  -------------------------------------------------------------------    -------------------

Slack:                    inf
  Source:                 controller_inst/cnt_reg[6]/C
                            (rising edge-triggered cell FDRE)
  Destination:            controller_inst/r_reg_reg[6]/D
  Path Group:             (none)
  Path Type:              Min at Fast Process Corner
  Data Path Delay:        0.360ns  (logic 0.141ns (39.166%)  route 0.219ns (60.834%))
  Logic Levels:           1  (FDRE=1)

    Location             Delay type                Incr(ns)  Path(ns)    Netlist Resource(s)
  -------------------------------------------------------------------    -------------------
    SLICE_X3Y3           FDRE                         0.000     0.000 r  controller_inst/cnt_reg[6]/C
    SLICE_X3Y3           FDRE (Prop_fdre_C_Q)         0.141     0.141 r  controller_inst/cnt_reg[6]/Q
                         net (fo=4, routed)           0.219     0.360    controller_inst/cnt_reg[6]
    SLICE_X3Y3           FDRE                                         r  controller_inst/r_reg_reg[6]/D
  -------------------------------------------------------------------    -------------------

Slack:                    inf
  Source:                 controller_inst/cnt_reg[6]/C
                            (rising edge-triggered cell FDRE)
  Destination:            controller_inst/cnt_reg[7]/D
  Path Group:             (none)
  Path Type:              Min at Fast Process Corner
  Data Path Delay:        0.366ns  (logic 0.183ns (50.045%)  route 0.183ns (49.955%))
  Logic Levels:           2  (FDRE=1 LUT3=1)

    Location             Delay type                Incr(ns)  Path(ns)    Netlist Resource(s)
  -------------------------------------------------------------------    -------------------
    SLICE_X3Y3           FDRE                         0.000     0.000 r  controller_inst/cnt_reg[6]/C
    SLICE_X3Y3           FDRE (Prop_fdre_C_Q)         0.141     0.141 r  controller_inst/cnt_reg[6]/Q
                         net (fo=4, routed)           0.183     0.324    controller_inst/cnt_reg[6]
    SLICE_X3Y3           LUT3 (Prop_lut3_I0_O)        0.042     0.366 r  controller_inst/cnt[7]_i_1/O
                         net (fo=1, routed)           0.000     0.366    controller_inst/p_0_in__0[7]
    SLICE_X3Y3           FDRE                                         r  controller_inst/cnt_reg[7]/D
  -------------------------------------------------------------------    -------------------





